{"numFailedTestSuites":3,"numFailedTests":1,"numPassedTestSuites":2,"numPassedTests":2,"numPendingTestSuites":0,"numPendingTests":0,"numRuntimeErrorTestSuites":2,"numTodoTests":0,"numTotalTestSuites":5,"numTotalTests":3,"openHandles":[],"snapshot":{"added":0,"didUpdate":false,"failure":false,"filesAdded":0,"filesRemoved":0,"filesRemovedList":[],"filesUnmatched":0,"filesUpdated":0,"matched":0,"total":0,"unchecked":0,"uncheckedKeysByFile":[],"unmatched":0,"updated":0},"startTime":1766405003498,"success":false,"testResults":[{"assertionResults":[],"coverage":{},"endTime":1766405021342,"message":"  \u001b[1m● \u001b[22mTest suite failed to run\n\n    Your test suite must contain at least one test.\n\n      \u001b[2mat onResult (\u001b[22mnode_modules/@jest/core/build/index.js\u001b[2m:1057:18)\u001b[22m\n      \u001b[2mat \u001b[22mnode_modules/@jest/core/build/index.js\u001b[2m:1127:165\u001b[22m\n      \u001b[2mat \u001b[22mnode_modules/emittery/index.js\u001b[2m:363:13\u001b[22m\n          at Array.map (<anonymous>)\n      \u001b[2mat Emittery.emit (\u001b[22mnode_modules/emittery/index.js\u001b[2m:361:23)\u001b[22m\n","name":"C:\\Users\\5907\\Documents\\Projects\\Tsediyalo\\CallTrust\\Backend\\src\\tests\\auth.test.ts","startTime":1766405021342,"status":"failed","summary":""},{"assertionResults":[],"coverage":{},"endTime":1766405021342,"message":"  \u001b[1m● \u001b[22mTest suite failed to run\n\n    Your test suite must contain at least one test.\n\n      \u001b[2mat onResult (\u001b[22mnode_modules/@jest/core/build/index.js\u001b[2m:1057:18)\u001b[22m\n      \u001b[2mat \u001b[22mnode_modules/@jest/core/build/index.js\u001b[2m:1127:165\u001b[22m\n      \u001b[2mat \u001b[22mnode_modules/emittery/index.js\u001b[2m:363:13\u001b[22m\n          at Array.map (<anonymous>)\n      \u001b[2mat Emittery.emit (\u001b[22mnode_modules/emittery/index.js\u001b[2m:361:23)\u001b[22m\n","name":"C:\\Users\\5907\\Documents\\Projects\\Tsediyalo\\CallTrust\\Backend\\src\\tests\\call.intake.test.ts","startTime":1766405021342,"status":"failed","summary":""},{"assertionResults":[{"ancestorTitles":[],"duration":502,"failing":false,"failureDetails":[],"failureMessages":[],"fullName":"reports spam","invocations":1,"location":null,"numPassingAsserts":1,"retryReasons":[],"startAt":1766405018731,"status":"passed","title":"reports spam"}],"endTime":1766405019236,"message":"","name":"C:\\Users\\5907\\Documents\\Projects\\Tsediyalo\\CallTrust\\Backend\\src\\tests\\spam.test.ts","startTime":1766405006038,"status":"passed","summary":""},{"assertionResults":[{"ancestorTitles":[],"duration":5036,"failing":false,"failureDetails":[{"message":"thrown: \"Exceeded timeout of 5000 ms for a test.\nAdd a timeout value to this test to increase the timeout, if this is a long-running test. See https://jestjs.io/docs/api#testname-fn-timeout.\""}],"failureMessages":["Error: thrown: \"Exceeded timeout of 5000 ms for a test.\nAdd a timeout value to this test to increase the timeout, if this is a long-running test. See https://jestjs.io/docs/api#testname-fn-timeout.\"\n    at Object.<anonymous> (C:\\Users\\5907\\Documents\\Projects\\Tsediyalo\\CallTrust\\Backend\\src\\tests\\call.policy.test.ts:4:1)\n    at Runtime._execModule (C:\\Users\\5907\\Documents\\Projects\\Tsediyalo\\CallTrust\\Backend\\node_modules\\jest-runtime\\build\\index.js:1268:24)\n    at Runtime._loadModule (C:\\Users\\5907\\Documents\\Projects\\Tsediyalo\\CallTrust\\Backend\\node_modules\\jest-runtime\\build\\index.js:944:12)\n    at Runtime.requireModule (C:\\Users\\5907\\Documents\\Projects\\Tsediyalo\\CallTrust\\Backend\\node_modules\\jest-runtime\\build\\index.js:832:12)\n    at jestAdapter (C:\\Users\\5907\\Documents\\Projects\\Tsediyalo\\CallTrust\\Backend\\node_modules\\jest-circus\\build\\runner.js:95:13)\n    at processTicksAndRejections (node:internal/process/task_queues:95:5)\n    at runTestInternal (C:\\Users\\5907\\Documents\\Projects\\Tsediyalo\\CallTrust\\Backend\\node_modules\\jest-runner\\build\\testWorker.js:275:16)\n    at runTest (C:\\Users\\5907\\Documents\\Projects\\Tsediyalo\\CallTrust\\Backend\\node_modules\\jest-runner\\build\\testWorker.js:343:7)\n    at Object.worker (C:\\Users\\5907\\Documents\\Projects\\Tsediyalo\\CallTrust\\Backend\\node_modules\\jest-runner\\build\\testWorker.js:497:12)"],"fullName":"blocks when spam threshold exceeded and no consent","invocations":1,"location":null,"numPassingAsserts":0,"retryReasons":[],"startAt":1766405014899,"status":"failed","title":"blocks when spam threshold exceeded and no consent"}],"endTime":1766405019960,"message":"\u001b[1m\u001b[31m  \u001b[1m● \u001b[22m\u001b[1mblocks when spam threshold exceeded and no consent\u001b[39m\u001b[22m\n\n    thrown: \"Exceeded timeout of 5000 ms for a test.\n    Add a timeout value to this test to increase the timeout, if this is a long-running test. See https://jestjs.io/docs/api#testname-fn-timeout.\"\n\u001b[2m\u001b[22m\n\u001b[2m    \u001b[0m \u001b[90m 2 |\u001b[39m \u001b[36mimport\u001b[39m prisma \u001b[36mfrom\u001b[39m \u001b[32m\"../prismaClient\"\u001b[39m\u001b[33m;\u001b[39m\u001b[22m\n\u001b[2m     \u001b[90m 3 |\u001b[39m\u001b[22m\n\u001b[2m    \u001b[31m\u001b[1m>\u001b[22m\u001b[2m\u001b[39m\u001b[90m 4 |\u001b[39m it(\u001b[32m\"blocks when spam threshold exceeded and no consent\"\u001b[39m\u001b[33m,\u001b[39m \u001b[36masync\u001b[39m () \u001b[33m=>\u001b[39m {\u001b[22m\n\u001b[2m     \u001b[90m   |\u001b[39m \u001b[31m\u001b[1m^\u001b[22m\u001b[2m\u001b[39m\u001b[22m\n\u001b[2m     \u001b[90m 5 |\u001b[39m   \u001b[90m// Clear previous reports for this number to ensure clean state\u001b[39m\u001b[22m\n\u001b[2m     \u001b[90m 6 |\u001b[39m   \u001b[36mawait\u001b[39m prisma\u001b[33m.\u001b[39mspamReport\u001b[33m.\u001b[39mdeleteMany({ where\u001b[33m:\u001b[39m { callerNumber\u001b[33m:\u001b[39m \u001b[32m\"0850000000\"\u001b[39m } })\u001b[33m;\u001b[39m\u001b[22m\n\u001b[2m     \u001b[90m 7 |\u001b[39m\u001b[0m\u001b[22m\n\u001b[2m\u001b[22m\n\u001b[2m      \u001b[2mat Object.<anonymous> (\u001b[22m\u001b[2m\u001b[0m\u001b[36msrc/tests/call.policy.test.ts\u001b[39m\u001b[0m\u001b[2m:4:1)\u001b[22m\u001b[2m\u001b[22m\n","name":"C:\\Users\\5907\\Documents\\Projects\\Tsediyalo\\CallTrust\\Backend\\src\\tests\\call.policy.test.ts","startTime":1766405006049,"status":"failed","summary":""},{"assertionResults":[{"ancestorTitles":[],"duration":1496,"failing":false,"failureDetails":[],"failureMessages":[],"fullName":"grants and revokes consent","invocations":1,"location":null,"numPassingAsserts":0,"retryReasons":[],"startAt":1766405019297,"status":"passed","title":"grants and revokes consent"}],"endTime":1766405020795,"message":"","name":"C:\\Users\\5907\\Documents\\Projects\\Tsediyalo\\CallTrust\\Backend\\src\\tests\\consent.test.ts","startTime":1766405006031,"status":"passed","summary":""}],"wasInterrupted":false}
